c:\engine_dev\napoleon git\x64\release\clock.nativecodeanalysis.xml
c:\engine_dev\napoleon git\x64\release\clock.obj
c:\engine_dev\napoleon git\x64\release\hashtable.nativecodeanalysis.xml
c:\engine_dev\napoleon git\x64\release\hashtable.obj
c:\engine_dev\napoleon git\x64\release\eval.nativecodeanalysis.xml
c:\engine_dev\napoleon git\x64\release\eval.obj
c:\engine_dev\napoleon git\x64\release\searchinfo.nativecodeanalysis.xml
c:\engine_dev\napoleon git\x64\release\searchinfo.obj
c:\engine_dev\napoleon git\x64\release\zobrist.nativecodeanalysis.xml
c:\engine_dev\napoleon git\x64\release\zobrist.obj
c:\engine_dev\napoleon git\x64\release\math.nativecodeanalysis.xml
c:\engine_dev\napoleon git\x64\release\math.obj
c:\engine_dev\napoleon git\x64\release\square.nativecodeanalysis.xml
c:\engine_dev\napoleon git\x64\release\square.obj
c:\engine_dev\napoleon git\x64\release\position.nativecodeanalysis.xml
c:\engine_dev\napoleon git\x64\release\position.obj
c:\engine_dev\napoleon git\x64\release\search.nativecodeanalysis.xml
c:\engine_dev\napoleon git\x64\release\search.obj
c:\engine_dev\napoleon git\x64\release\moves.nativecodeanalysis.xml
c:\engine_dev\napoleon git\x64\release\moves.obj
c:\engine_dev\napoleon git\x64\release\movegen.nativecodeanalysis.xml
c:\engine_dev\napoleon git\x64\release\movegen.obj
c:\engine_dev\napoleon git\x64\release\benchmark.nativecodeanalysis.xml
c:\engine_dev\napoleon git\x64\release\benchmark.obj
c:\engine_dev\napoleon git\x64\release\main.nativecodeanalysis.xml
c:\engine_dev\napoleon git\x64\release\main.obj
c:\engine_dev\napoleon git\x64\release\fen.nativecodeanalysis.xml
c:\engine_dev\napoleon git\x64\release\fen.obj
c:\engine_dev\napoleon git\x64\release\hashentry.nativecodeanalysis.xml
c:\engine_dev\napoleon git\x64\release\hashentry.obj
c:\engine_dev\napoleon git\x64\release\uci.nativecodeanalysis.xml
c:\engine_dev\napoleon git\x64\release\uci.obj
c:\engine_dev\napoleon git\x64\release\move.nativecodeanalysis.xml
c:\engine_dev\napoleon git\x64\release\move.obj
c:\engine_dev\napoleon git\x64\release\piece.nativecodeanalysis.xml
c:\engine_dev\napoleon git\x64\release\piece.obj
c:\engine_dev\napoleon git\x64\release\movepick.nativecodeanalysis.xml
c:\engine_dev\napoleon git\x64\release\movepick.obj
c:\engine_dev\napoleon git\x64\release\pawn.nativecodeanalysis.xml
c:\engine_dev\napoleon git\x64\release\pawn.obj
c:\engine_dev\napoleon git\x64\release\vc142.pdb
c:\engine_dev\napoleon git\x64\release\napoleon.exe
c:\engine_dev\napoleon git\x64\release\napoleon.ipdb
c:\engine_dev\napoleon git\x64\release\napoleon.iobj
c:\engine_dev\napoleon\x64\release\napoleon.exe
c:\engine_dev\napoleon\x64\release\napoleon.tlog\cl.102208.write.1.tlog
c:\engine_dev\napoleon\x64\release\napoleon.tlog\cl.command.1.tlog
c:\engine_dev\napoleon\x64\release\napoleon.tlog\cl.read.1.tlog
c:\engine_dev\napoleon\x64\release\napoleon.tlog\link.command.1.tlog
c:\engine_dev\napoleon\x64\release\napoleon.tlog\link.read.1.tlog
c:\engine_dev\napoleon\x64\release\napoleon.tlog\link.write.1.tlog
c:\engine_dev\napoleon\x64\release\napoleon.tlog\napoleon.write.1u.tlog
